time="2021-01-27T20:43:17+01:00" level=debug msg="Polling location set: tryvannstua (59.998136, 10.666086)"
time="2021-01-27T20:43:17+01:00" level=debug msg="Polling location set: skrindo (60.660593, 8.574060)"
time="2021-01-27T20:43:17+01:00" level=debug msg="Polling location set: bjornholt (60.050963, 10.672059)"
time="2021-01-27T20:43:17+01:00" level=debug msg="Polling location set: met (59.942676, 10.718472)"
time="2021-01-27T20:43:17+01:00" level=debug msg="Polling location set: tryvannstarnet (59.988616, 10.665907)"
time="2021-01-27T20:43:17+01:00" level=info msg="starting stats server on :8080"
time="2021-01-27T20:43:17+01:00" level=info msg="Starting poller..."
time="2021-01-27T20:43:17+01:00" level=debug msg="(poller) Outdated or no data found. Refreshing tryvannstua"
time="2021-01-27T20:43:17+01:00" level=info msg="Daemon running"
time="2021-01-27T20:43:17+01:00" level=info msg="Starting emitter"
time="2021-01-27T20:43:17+01:00" level=debug msg="(poller) Current data has expiry 0001-01-01 00:00:00 +0000 UTC"
time="2021-01-27T20:43:17+01:00" level=debug msg="(poller) Forecast transformed"
time="2021-01-27T20:43:17+01:00" level=info msg="(poller) Observation cache update with new data"
time="2021-01-27T20:43:17+01:00" level=debug msg="(poller) Outdated or no data found. Refreshing skrindo"
time="2021-01-27T20:43:17+01:00" level=debug msg="(poller) Current data has expiry 0001-01-01 00:00:00 +0000 UTC"
time="2021-01-27T20:43:17+01:00" level=debug msg="(poller) Forecast transformed"
time="2021-01-27T20:43:17+01:00" level=info msg="(poller) Observation cache update with new data"
time="2021-01-27T20:43:17+01:00" level=debug msg="(poller) Outdated or no data found. Refreshing bjornholt"
time="2021-01-27T20:43:17+01:00" level=debug msg="(poller) Current data has expiry 0001-01-01 00:00:00 +0000 UTC"
time="2021-01-27T20:43:17+01:00" level=debug msg="(poller) Forecast transformed"
time="2021-01-27T20:43:17+01:00" level=info msg="(poller) Observation cache update with new data"
time="2021-01-27T20:43:17+01:00" level=debug msg="(poller) Outdated or no data found. Refreshing met"
time="2021-01-27T20:43:17+01:00" level=debug msg="(poller) Current data has expiry 0001-01-01 00:00:00 +0000 UTC"
time="2021-01-27T20:43:17+01:00" level=debug msg="(poller) Forecast transformed"
time="2021-01-27T20:43:17+01:00" level=info msg="(poller) Observation cache update with new data"
time="2021-01-27T20:43:17+01:00" level=debug msg="(poller) Outdated or no data found. Refreshing tryvannstarnet"
time="2021-01-27T20:43:17+01:00" level=debug msg="(poller) Current data has expiry 0001-01-01 00:00:00 +0000 UTC"
time="2021-01-27T20:43:17+01:00" level=debug msg="(poller) Forecast transformed"
time="2021-01-27T20:43:17+01:00" level=info msg="(poller) Observation cache update with new data"
time="2021-01-27T20:43:18+01:00" level=debug msg="(timestream) checking table air_temperature"
time="2021-01-27T20:43:18+01:00" level=debug msg="(timestream) checking table air_pressure_at_sealevel"
time="2021-01-27T20:43:18+01:00" level=debug msg="(timestream) checking table relative_humidity"
time="2021-01-27T20:43:18+01:00" level=debug msg="(timestream) checking table wind_speed"
time="2021-01-27T20:43:18+01:00" level=debug msg="(timestream) checking table wind_from_direction"
time="2021-01-27T20:43:18+01:00" level=debug msg="(emitter) Observations are present."
time="2021-01-27T20:43:18+01:00" level=debug msg="(emitter) Emit triggered"
time="2021-01-27T20:43:18+01:00" level=debug msg="(emitter) Requesting obs for loc tryvannstua"
time="2021-01-27T20:43:18+01:00" level=debug msg="(poller) got internal req for ts(tryvannstua)"
time="2021-01-27T20:43:18+01:00" level=debug msg="(emitter) Requesting obs for loc skrindo"
time="2021-01-27T20:43:18+01:00" level=debug msg="(poller) got internal req for ts(skrindo)"
time="2021-01-27T20:43:18+01:00" level=debug msg="(emitter) Requesting obs for loc bjornholt"
time="2021-01-27T20:43:18+01:00" level=debug msg="(poller) got internal req for ts(bjornholt)"
time="2021-01-27T20:43:18+01:00" level=debug msg="(emitter) Requesting obs for loc met"
time="2021-01-27T20:43:18+01:00" level=debug msg="(poller) got internal req for ts(met)"
time="2021-01-27T20:43:18+01:00" level=debug msg="(emitter) Requesting obs for loc tryvannstarnet"
time="2021-01-27T20:43:18+01:00" level=debug msg="(poller) got internal req for ts(tryvannstarnet)"
time="2021-01-27T20:43:18+01:00" level=debug msg="(timestream) pushed 5 records to timestream table wind_speed, flushing buffer"
time="2021-01-27T20:43:18+01:00" level=debug msg="(timestream) pushed 5 records to timestream table wind_from_direction, flushing buffer"
time="2021-01-27T20:43:18+01:00" level=debug msg="(timestream) pushed 5 records to timestream table air_pressure_at_sealevel, flushing buffer"
time="2021-01-27T20:43:18+01:00" level=debug msg="(timestream) pushed 5 records to timestream table air_temperature, flushing buffer"
time="2021-01-27T20:43:18+01:00" level=debug msg="(timestream) pushed 5 records to timestream table relative_humidity, flushing buffer"
time="2021-01-27T20:43:18+01:00" level=debug msg="(emitter) Emit done at 2021-01-27 19:43:18.797524 +0000 UTC"
time="2021-01-27T20:43:18+01:00" level=debug msg="(emitter) No emit needed at this point (last emit: 2021-01-27T19:43:18Z)"
time="2021-01-27T20:43:19+01:00" level=debug msg="(poller) main loop is idle [OK]"
time="2021-01-27T20:43:20+01:00" level=debug msg="(poller) main loop is idle [OK]"
time="2021-01-27T20:43:21+01:00" level=debug msg="(poller) main loop is idle [OK]"
time="2021-01-27T20:43:22+01:00" level=debug msg="(poller) main loop is idle [OK]"
time="2021-01-27T20:43:23+01:00" level=debug msg="(poller) main loop is idle [OK]"
time="2021-01-27T20:43:23+01:00" level=debug msg="(emitter) No emit needed at this point (last emit: 2021-01-27T19:43:18Z)"
time="2021-01-27T20:43:24+01:00" level=debug msg="(poller) main loop is idle [OK]"
time="2021-01-27T20:43:25+01:00" level=debug msg="(poller) main loop is idle [OK]"
time="2021-01-27T20:43:26+01:00" level=debug msg="(poller) main loop is idle [OK]"
time="2021-01-27T20:43:27+01:00" level=debug msg="(poller) main loop is idle [OK]"
time="2021-01-27T20:43:28+01:00" level=debug msg="(poller) main loop is idle [OK]"
time="2021-01-27T20:43:28+01:00" level=debug msg="(emitter) Emit triggered"
time="2021-01-27T20:43:28+01:00" level=debug msg="(emitter) Requesting obs for loc tryvannstua"
time="2021-01-27T20:43:28+01:00" level=debug msg="(poller) got internal req for ts(tryvannstua)"
time="2021-01-27T20:43:28+01:00" level=debug msg="(emitter) Requesting obs for loc skrindo"
time="2021-01-27T20:43:28+01:00" level=debug msg="(poller) got internal req for ts(skrindo)"
time="2021-01-27T20:43:28+01:00" level=debug msg="(emitter) Requesting obs for loc bjornholt"
time="2021-01-27T20:43:28+01:00" level=debug msg="(poller) got internal req for ts(bjornholt)"
time="2021-01-27T20:43:28+01:00" level=debug msg="(emitter) Requesting obs for loc met"
time="2021-01-27T20:43:28+01:00" level=debug msg="(poller) got internal req for ts(met)"
time="2021-01-27T20:43:28+01:00" level=debug msg="(emitter) Requesting obs for loc tryvannstarnet"
time="2021-01-27T20:43:28+01:00" level=debug msg="(poller) got internal req for ts(tryvannstarnet)"
time="2021-01-27T20:43:28+01:00" level=debug msg="(timestream) pushed 5 records to timestream table wind_speed, flushing buffer"
time="2021-01-27T20:43:28+01:00" level=debug msg="(timestream) pushed 5 records to timestream table wind_from_direction, flushing buffer"
time="2021-01-27T20:43:29+01:00" level=debug msg="(timestream) pushed 5 records to timestream table air_temperature, flushing buffer"
time="2021-01-27T20:43:29+01:00" level=debug msg="(timestream) pushed 5 records to timestream table air_pressure_at_sealevel, flushing buffer"
time="2021-01-27T20:43:29+01:00" level=debug msg="(timestream) pushed 5 records to timestream table relative_humidity, flushing buffer"
time="2021-01-27T20:43:29+01:00" level=debug msg="(emitter) Emit done at 2021-01-27 19:43:29.179212 +0000 UTC"
time="2021-01-27T20:43:29+01:00" level=debug msg="(emitter) No emit needed at this point (last emit: 2021-01-27T19:43:29Z)"
time="2021-01-27T20:43:29+01:00" level=debug msg="(poller) main loop is idle [OK]"
time="2021-01-27T20:43:30+01:00" level=debug msg="(poller) main loop is idle [OK]"
time="2021-01-27T20:43:31+01:00" level=debug msg="(poller) main loop is idle [OK]"
time="2021-01-27T20:43:32+01:00" level=debug msg="(poller) main loop is idle [OK]"
time="2021-01-27T20:43:33+01:00" level=debug msg="(poller) main loop is idle [OK]"
time="2021-01-27T20:43:34+01:00" level=debug msg="(emitter) No emit needed at this point (last emit: 2021-01-27T19:43:29Z)"
time="2021-01-27T20:43:34+01:00" level=debug msg="(poller) main loop is idle [OK]"
time="2021-01-27T20:43:35+01:00" level=debug msg="(poller) main loop is idle [OK]"
time="2021-01-27T20:43:36+01:00" level=debug msg="(poller) main loop is idle [OK]"
time="2021-01-27T20:43:37+01:00" level=debug msg="(poller) main loop is idle [OK]"
time="2021-01-27T20:43:38+01:00" level=debug msg="(poller) main loop is idle [OK]"
time="2021-01-27T20:43:39+01:00" level=debug msg="(emitter) Emit triggered"
time="2021-01-27T20:43:39+01:00" level=debug msg="(emitter) Requesting obs for loc tryvannstua"
time="2021-01-27T20:43:39+01:00" level=debug msg="(poller) got internal req for ts(tryvannstua)"
time="2021-01-27T20:43:39+01:00" level=debug msg="(emitter) Requesting obs for loc skrindo"
time="2021-01-27T20:43:39+01:00" level=debug msg="(poller) got internal req for ts(skrindo)"
time="2021-01-27T20:43:39+01:00" level=debug msg="(emitter) Requesting obs for loc bjornholt"
time="2021-01-27T20:43:39+01:00" level=debug msg="(poller) got internal req for ts(bjornholt)"
time="2021-01-27T20:43:39+01:00" level=debug msg="(emitter) Requesting obs for loc met"
time="2021-01-27T20:43:39+01:00" level=debug msg="(poller) got internal req for ts(met)"
time="2021-01-27T20:43:39+01:00" level=debug msg="(emitter) Requesting obs for loc tryvannstarnet"
time="2021-01-27T20:43:39+01:00" level=debug msg="(poller) got internal req for ts(tryvannstarnet)"
time="2021-01-27T20:43:39+01:00" level=debug msg="(timestream) pushed 5 records to timestream table air_temperature, flushing buffer"
time="2021-01-27T20:43:39+01:00" level=debug msg="(timestream) pushed 5 records to timestream table air_pressure_at_sealevel, flushing buffer"
time="2021-01-27T20:43:39+01:00" level=debug msg="(timestream) pushed 5 records to timestream table relative_humidity, flushing buffer"
time="2021-01-27T20:43:39+01:00" level=debug msg="(timestream) pushed 5 records to timestream table wind_speed, flushing buffer"
time="2021-01-27T20:43:39+01:00" level=debug msg="(timestream) pushed 5 records to timestream table wind_from_direction, flushing buffer"
time="2021-01-27T20:43:39+01:00" level=debug msg="(emitter) Emit done at 2021-01-27 19:43:39.573717 +0000 UTC"
time="2021-01-27T20:43:39+01:00" level=debug msg="(emitter) No emit needed at this point (last emit: 2021-01-27T19:43:39Z)"
time="2021-01-27T20:43:40+01:00" level=debug msg="(poller) main loop is idle [OK]"
time="2021-01-27T20:43:41+01:00" level=debug msg="(poller) main loop is idle [OK]"
time="2021-01-27T20:43:42+01:00" level=debug msg="(poller) main loop is idle [OK]"
time="2021-01-27T20:43:43+01:00" level=debug msg="(poller) main loop is idle [OK]"
time="2021-01-27T20:43:44+01:00" level=debug msg="(poller) main loop is idle [OK]"
time="2021-01-27T20:43:44+01:00" level=debug msg="(emitter) No emit needed at this point (last emit: 2021-01-27T19:43:39Z)"
time="2021-01-27T20:43:45+01:00" level=debug msg="(poller) main loop is idle [OK]"
time="2021-01-27T20:43:46+01:00" level=debug msg="(poller) main loop is idle [OK]"
time="2021-01-27T20:43:47+01:00" level=debug msg="(poller) main loop is idle [OK]"
time="2021-01-27T20:43:48+01:00" level=debug msg="(poller) main loop is idle [OK]"
time="2021-01-27T20:43:49+01:00" level=debug msg="(poller) main loop is idle [OK]"
time="2021-01-27T20:43:49+01:00" level=debug msg="(emitter) Emit triggered"
time="2021-01-27T20:43:49+01:00" level=debug msg="(emitter) Requesting obs for loc tryvannstua"
time="2021-01-27T20:43:49+01:00" level=debug msg="(poller) got internal req for ts(tryvannstua)"
time="2021-01-27T20:43:49+01:00" level=debug msg="(emitter) Requesting obs for loc skrindo"
time="2021-01-27T20:43:49+01:00" level=debug msg="(poller) got internal req for ts(skrindo)"
time="2021-01-27T20:43:49+01:00" level=debug msg="(emitter) Requesting obs for loc bjornholt"
time="2021-01-27T20:43:49+01:00" level=debug msg="(poller) got internal req for ts(bjornholt)"
time="2021-01-27T20:43:49+01:00" level=debug msg="(emitter) Requesting obs for loc met"
time="2021-01-27T20:43:49+01:00" level=debug msg="(poller) got internal req for ts(met)"
time="2021-01-27T20:43:49+01:00" level=debug msg="(emitter) Requesting obs for loc tryvannstarnet"
time="2021-01-27T20:43:49+01:00" level=debug msg="(poller) got internal req for ts(tryvannstarnet)"
time="2021-01-27T20:43:49+01:00" level=debug msg="(timestream) pushed 5 records to timestream table relative_humidity, flushing buffer"
time="2021-01-27T20:43:49+01:00" level=debug msg="(timestream) pushed 5 records to timestream table wind_speed, flushing buffer"
time="2021-01-27T20:43:49+01:00" level=debug msg="(timestream) pushed 5 records to timestream table wind_from_direction, flushing buffer"
time="2021-01-27T20:43:49+01:00" level=debug msg="(timestream) pushed 5 records to timestream table air_temperature, flushing buffer"
time="2021-01-27T20:43:49+01:00" level=debug msg="(timestream) pushed 5 records to timestream table air_pressure_at_sealevel, flushing buffer"
time="2021-01-27T20:43:49+01:00" level=debug msg="(emitter) Emit done at 2021-01-27 19:43:49.950196 +0000 UTC"
time="2021-01-27T20:43:49+01:00" level=debug msg="(emitter) No emit needed at this point (last emit: 2021-01-27T19:43:49Z)"
time="2021-01-27T20:43:50+01:00" level=debug msg="(poller) main loop is idle [OK]"
time="2021-01-27T20:43:51+01:00" level=debug msg="(poller) main loop is idle [OK]"
time="2021-01-27T20:43:52+01:00" level=debug msg="(poller) main loop is idle [OK]"
time="2021-01-27T20:43:53+01:00" level=debug msg="(poller) main loop is idle [OK]"
time="2021-01-27T20:43:54+01:00" level=debug msg="(poller) main loop is idle [OK]"
time="2021-01-27T20:43:54+01:00" level=debug msg="(emitter) No emit needed at this point (last emit: 2021-01-27T19:43:49Z)"
time="2021-01-27T20:43:55+01:00" level=debug msg="(poller) main loop is idle [OK]"
time="2021-01-27T20:43:56+01:00" level=debug msg="(poller) main loop is idle [OK]"
time="2021-01-27T20:43:57+01:00" level=debug msg="(poller) main loop is idle [OK]"
time="2021-01-27T20:43:58+01:00" level=debug msg="(poller) main loop is idle [OK]"
time="2021-01-27T20:43:59+01:00" level=debug msg="(poller) main loop is idle [OK]"
time="2021-01-27T20:43:59+01:00" level=debug msg="(emitter) Emit triggered"
time="2021-01-27T20:43:59+01:00" level=debug msg="(emitter) Requesting obs for loc tryvannstua"
time="2021-01-27T20:43:59+01:00" level=debug msg="(poller) got internal req for ts(tryvannstua)"
time="2021-01-27T20:43:59+01:00" level=debug msg="(emitter) Requesting obs for loc skrindo"
time="2021-01-27T20:43:59+01:00" level=debug msg="(poller) got internal req for ts(skrindo)"
time="2021-01-27T20:43:59+01:00" level=debug msg="(emitter) Requesting obs for loc bjornholt"
time="2021-01-27T20:43:59+01:00" level=debug msg="(poller) got internal req for ts(bjornholt)"
time="2021-01-27T20:43:59+01:00" level=debug msg="(emitter) Requesting obs for loc met"
time="2021-01-27T20:43:59+01:00" level=debug msg="(poller) got internal req for ts(met)"
time="2021-01-27T20:43:59+01:00" level=debug msg="(emitter) Requesting obs for loc tryvannstarnet"
time="2021-01-27T20:43:59+01:00" level=debug msg="(poller) got internal req for ts(tryvannstarnet)"
time="2021-01-27T20:44:00+01:00" level=debug msg="(timestream) pushed 5 records to timestream table wind_speed, flushing buffer"
time="2021-01-27T20:44:00+01:00" level=debug msg="(timestream) pushed 5 records to timestream table wind_from_direction, flushing buffer"
time="2021-01-27T20:44:00+01:00" level=debug msg="(timestream) pushed 5 records to timestream table air_temperature, flushing buffer"
time="2021-01-27T20:44:00+01:00" level=debug msg="(timestream) pushed 5 records to timestream table air_pressure_at_sealevel, flushing buffer"
time="2021-01-27T20:44:00+01:00" level=debug msg="(timestream) pushed 5 records to timestream table relative_humidity, flushing buffer"
time="2021-01-27T20:44:00+01:00" level=debug msg="(emitter) Emit done at 2021-01-27 19:44:00.34406 +0000 UTC"
time="2021-01-27T20:44:00+01:00" level=debug msg="(emitter) No emit needed at this point (last emit: 2021-01-27T19:44:00Z)"
time="2021-01-27T20:44:00+01:00" level=debug msg="(poller) main loop is idle [OK]"
time="2021-01-27T20:44:01+01:00" level=debug msg="(poller) main loop is idle [OK]"
time="2021-01-27T20:44:02+01:00" level=debug msg="(poller) main loop is idle [OK]"
time="2021-01-27T20:44:03+01:00" level=debug msg="(poller) main loop is idle [OK]"
time="2021-01-27T20:44:04+01:00" level=debug msg="(poller) main loop is idle [OK]"
time="2021-01-27T20:44:05+01:00" level=debug msg="(emitter) No emit needed at this point (last emit: 2021-01-27T19:44:00Z)"
time="2021-01-27T20:44:05+01:00" level=debug msg="(poller) main loop is idle [OK]"
time="2021-01-27T20:44:06+01:00" level=debug msg="(poller) main loop is idle [OK]"
time="2021-01-27T20:44:07+01:00" level=debug msg="(poller) main loop is idle [OK]"
time="2021-01-27T20:44:08+01:00" level=debug msg="(poller) main loop is idle [OK]"
time="2021-01-27T20:44:10+01:00" level=debug msg="(poller) main loop is idle [OK]"
time="2021-01-27T20:44:10+01:00" level=debug msg="(emitter) Emit triggered"
time="2021-01-27T20:44:10+01:00" level=debug msg="(emitter) Requesting obs for loc tryvannstua"
time="2021-01-27T20:44:10+01:00" level=debug msg="(poller) got internal req for ts(tryvannstua)"
time="2021-01-27T20:44:10+01:00" level=debug msg="(emitter) Requesting obs for loc skrindo"
time="2021-01-27T20:44:10+01:00" level=debug msg="(poller) got internal req for ts(skrindo)"
time="2021-01-27T20:44:10+01:00" level=debug msg="(emitter) Requesting obs for loc bjornholt"
time="2021-01-27T20:44:10+01:00" level=debug msg="(poller) got internal req for ts(bjornholt)"
time="2021-01-27T20:44:10+01:00" level=debug msg="(emitter) Requesting obs for loc met"
time="2021-01-27T20:44:10+01:00" level=debug msg="(poller) got internal req for ts(met)"
time="2021-01-27T20:44:10+01:00" level=debug msg="(emitter) Requesting obs for loc tryvannstarnet"
time="2021-01-27T20:44:10+01:00" level=debug msg="(poller) got internal req for ts(tryvannstarnet)"
time="2021-01-27T20:44:10+01:00" level=debug msg="(timestream) pushed 5 records to timestream table wind_from_direction, flushing buffer"
time="2021-01-27T20:44:10+01:00" level=debug msg="(timestream) pushed 5 records to timestream table air_temperature, flushing buffer"
time="2021-01-27T20:44:10+01:00" level=debug msg="(timestream) pushed 5 records to timestream table air_pressure_at_sealevel, flushing buffer"
time="2021-01-27T20:44:10+01:00" level=debug msg="(timestream) pushed 5 records to timestream table relative_humidity, flushing buffer"
time="2021-01-27T20:44:10+01:00" level=debug msg="(timestream) pushed 5 records to timestream table wind_speed, flushing buffer"
time="2021-01-27T20:44:10+01:00" level=debug msg="(emitter) Emit done at 2021-01-27 19:44:10.724399 +0000 UTC"
time="2021-01-27T20:44:10+01:00" level=debug msg="(emitter) No emit needed at this point (last emit: 2021-01-27T19:44:10Z)"
time="2021-01-27T20:44:11+01:00" level=debug msg="(poller) main loop is idle [OK]"
time="2021-01-27T20:44:12+01:00" level=debug msg="(poller) main loop is idle [OK]"
time="2021-01-27T20:44:13+01:00" level=debug msg="(poller) main loop is idle [OK]"
time="2021-01-27T20:44:14+01:00" level=debug msg="(poller) main loop is idle [OK]"
time="2021-01-27T20:44:15+01:00" level=debug msg="(poller) main loop is idle [OK]"
time="2021-01-27T20:44:15+01:00" level=debug msg="(emitter) No emit needed at this point (last emit: 2021-01-27T19:44:10Z)"
time="2021-01-27T20:44:16+01:00" level=debug msg="(poller) main loop is idle [OK]"
time="2021-01-27T20:44:17+01:00" level=debug msg="(poller) main loop is idle [OK]"
time="2021-01-27T20:44:18+01:00" level=debug msg="(poller) main loop is idle [OK]"
time="2021-01-27T20:44:18+01:00" level=debug msg="(poller) tryvannstua - current data is up to date."
time="2021-01-27T20:44:18+01:00" level=debug msg="(poller) Outdated or no data found. Refreshing skrindo"
time="2021-01-27T20:44:18+01:00" level=debug msg="(poller) Current data has expiry 2021-01-27 19:39:49 +0000 UTC"
time="2021-01-27T20:44:18+01:00" level=debug msg="(poller) Forecast transformed"
time="2021-01-27T20:44:18+01:00" level=info msg="(poller) Observation cache update with new data"
time="2021-01-27T20:44:18+01:00" level=debug msg="(poller) Outdated or no data found. Refreshing bjornholt"
time="2021-01-27T20:44:18+01:00" level=debug msg="(poller) Current data has expiry 2021-01-27 19:38:16 +0000 UTC"
time="2021-01-27T20:44:18+01:00" level=debug msg="(poller) Forecast transformed"
time="2021-01-27T20:44:18+01:00" level=info msg="(poller) Observation cache update with new data"
time="2021-01-27T20:44:18+01:00" level=debug msg="(poller) met - current data is up to date."
time="2021-01-27T20:44:18+01:00" level=debug msg="(poller) Outdated or no data found. Refreshing tryvannstarnet"
time="2021-01-27T20:44:18+01:00" level=debug msg="(poller) Current data has expiry 2021-01-27 19:39:58 +0000 UTC"
time="2021-01-27T20:44:18+01:00" level=debug msg="(poller) Forecast transformed"
time="2021-01-27T20:44:18+01:00" level=info msg="(poller) Observation cache update with new data"
time="2021-01-27T20:44:19+01:00" level=debug msg="(poller) main loop is idle [OK]"
time="2021-01-27T20:44:20+01:00" level=debug msg="(poller) main loop is idle [OK]"
time="2021-01-27T20:44:20+01:00" level=debug msg="(emitter) Emit triggered"
time="2021-01-27T20:44:20+01:00" level=debug msg="(emitter) Requesting obs for loc tryvannstua"
time="2021-01-27T20:44:20+01:00" level=debug msg="(poller) got internal req for ts(tryvannstua)"
time="2021-01-27T20:44:20+01:00" level=debug msg="(emitter) Requesting obs for loc skrindo"
time="2021-01-27T20:44:20+01:00" level=debug msg="(poller) got internal req for ts(skrindo)"
time="2021-01-27T20:44:20+01:00" level=debug msg="(emitter) Requesting obs for loc bjornholt"
time="2021-01-27T20:44:20+01:00" level=debug msg="(poller) got internal req for ts(bjornholt)"
time="2021-01-27T20:44:20+01:00" level=debug msg="(emitter) Requesting obs for loc met"
time="2021-01-27T20:44:20+01:00" level=debug msg="(poller) got internal req for ts(met)"
time="2021-01-27T20:44:20+01:00" level=debug msg="(emitter) Requesting obs for loc tryvannstarnet"
time="2021-01-27T20:44:20+01:00" level=debug msg="(poller) got internal req for ts(tryvannstarnet)"
time="2021-01-27T20:44:20+01:00" level=debug msg="(timestream) pushed 5 records to timestream table wind_from_direction, flushing buffer"
time="2021-01-27T20:44:20+01:00" level=debug msg="(timestream) pushed 5 records to timestream table air_temperature, flushing buffer"
time="2021-01-27T20:44:20+01:00" level=debug msg="(timestream) pushed 5 records to timestream table air_pressure_at_sealevel, flushing buffer"
time="2021-01-27T20:44:21+01:00" level=debug msg="(timestream) pushed 5 records to timestream table relative_humidity, flushing buffer"
time="2021-01-27T20:44:21+01:00" level=debug msg="(timestream) pushed 5 records to timestream table wind_speed, flushing buffer"
time="2021-01-27T20:44:21+01:00" level=debug msg="(emitter) Emit done at 2021-01-27 19:44:21.097135 +0000 UTC"
time="2021-01-27T20:44:21+01:00" level=debug msg="(emitter) No emit needed at this point (last emit: 2021-01-27T19:44:21Z)"
time="2021-01-27T20:44:21+01:00" level=debug msg="(poller) main loop is idle [OK]"
time="2021-01-27T20:44:22+01:00" level=debug msg="(poller) main loop is idle [OK]"
time="2021-01-27T20:44:23+01:00" level=debug msg="(poller) main loop is idle [OK]"
time="2021-01-27T20:44:24+01:00" level=debug msg="(poller) main loop is idle [OK]"
time="2021-01-27T20:44:25+01:00" level=debug msg="(poller) main loop is idle [OK]"
time="2021-01-27T20:44:26+01:00" level=debug msg="(emitter) No emit needed at this point (last emit: 2021-01-27T19:44:21Z)"
time="2021-01-27T20:44:26+01:00" level=debug msg="(poller) main loop is idle [OK]"
time="2021-01-27T20:44:27+01:00" level=debug msg="(poller) main loop is idle [OK]"
time="2021-01-27T20:44:28+01:00" level=debug msg="(poller) main loop is idle [OK]"
time="2021-01-27T20:44:29+01:00" level=debug msg="(poller) main loop is idle [OK]"
time="2021-01-27T20:44:30+01:00" level=debug msg="(poller) main loop is idle [OK]"
time="2021-01-27T20:44:31+01:00" level=debug msg="(emitter) Emit triggered"
time="2021-01-27T20:44:31+01:00" level=debug msg="(emitter) Requesting obs for loc tryvannstua"
time="2021-01-27T20:44:31+01:00" level=debug msg="(poller) got internal req for ts(tryvannstua)"
time="2021-01-27T20:44:31+01:00" level=debug msg="(emitter) Requesting obs for loc skrindo"
time="2021-01-27T20:44:31+01:00" level=debug msg="(poller) got internal req for ts(skrindo)"
time="2021-01-27T20:44:31+01:00" level=debug msg="(emitter) Requesting obs for loc bjornholt"
time="2021-01-27T20:44:31+01:00" level=debug msg="(poller) got internal req for ts(bjornholt)"
time="2021-01-27T20:44:31+01:00" level=debug msg="(emitter) Requesting obs for loc met"
time="2021-01-27T20:44:31+01:00" level=debug msg="(poller) got internal req for ts(met)"
time="2021-01-27T20:44:31+01:00" level=debug msg="(emitter) Requesting obs for loc tryvannstarnet"
time="2021-01-27T20:44:31+01:00" level=debug msg="(poller) got internal req for ts(tryvannstarnet)"
time="2021-01-27T20:44:31+01:00" level=debug msg="(timestream) pushed 5 records to timestream table wind_speed, flushing buffer"
time="2021-01-27T20:44:31+01:00" level=debug msg="(timestream) pushed 5 records to timestream table wind_from_direction, flushing buffer"
time="2021-01-27T20:44:31+01:00" level=debug msg="(timestream) pushed 5 records to timestream table air_pressure_at_sealevel, flushing buffer"
time="2021-01-27T20:44:31+01:00" level=debug msg="(timestream) pushed 5 records to timestream table air_temperature, flushing buffer"
time="2021-01-27T20:44:31+01:00" level=debug msg="(timestream) pushed 5 records to timestream table relative_humidity, flushing buffer"
time="2021-01-27T20:44:31+01:00" level=debug msg="(emitter) Emit done at 2021-01-27 19:44:31.494895 +0000 UTC"
time="2021-01-27T20:44:31+01:00" level=debug msg="(emitter) No emit needed at this point (last emit: 2021-01-27T19:44:31Z)"
time="2021-01-27T20:44:32+01:00" level=debug msg="(poller) main loop is idle [OK]"
time="2021-01-27T20:44:33+01:00" level=debug msg="(poller) main loop is idle [OK]"
time="2021-01-27T20:44:34+01:00" level=debug msg="(poller) main loop is idle [OK]"
time="2021-01-27T20:44:35+01:00" level=debug msg="(poller) main loop is idle [OK]"
time="2021-01-27T20:44:36+01:00" level=debug msg="(poller) main loop is idle [OK]"
time="2021-01-27T20:44:36+01:00" level=debug msg="(emitter) No emit needed at this point (last emit: 2021-01-27T19:44:31Z)"
time="2021-01-27T20:44:37+01:00" level=debug msg="(poller) main loop is idle [OK]"
time="2021-01-27T20:44:38+01:00" level=debug msg="(poller) main loop is idle [OK]"
time="2021-01-27T20:44:39+01:00" level=debug msg="(poller) main loop is idle [OK]"
time="2021-01-27T20:44:40+01:00" level=debug msg="(poller) main loop is idle [OK]"
time="2021-01-27T20:44:41+01:00" level=debug msg="(poller) main loop is idle [OK]"
time="2021-01-27T20:44:41+01:00" level=debug msg="(emitter) Emit triggered"
time="2021-01-27T20:44:41+01:00" level=debug msg="(emitter) Requesting obs for loc tryvannstua"
time="2021-01-27T20:44:41+01:00" level=debug msg="(poller) got internal req for ts(tryvannstua)"
time="2021-01-27T20:44:41+01:00" level=debug msg="(emitter) Requesting obs for loc skrindo"
time="2021-01-27T20:44:41+01:00" level=debug msg="(poller) got internal req for ts(skrindo)"
time="2021-01-27T20:44:41+01:00" level=debug msg="(emitter) Requesting obs for loc bjornholt"
time="2021-01-27T20:44:41+01:00" level=debug msg="(poller) got internal req for ts(bjornholt)"
time="2021-01-27T20:44:41+01:00" level=debug msg="(emitter) Requesting obs for loc met"
time="2021-01-27T20:44:41+01:00" level=debug msg="(poller) got internal req for ts(met)"
time="2021-01-27T20:44:41+01:00" level=debug msg="(emitter) Requesting obs for loc tryvannstarnet"
time="2021-01-27T20:44:41+01:00" level=debug msg="(poller) got internal req for ts(tryvannstarnet)"
time="2021-01-27T20:44:41+01:00" level=debug msg="(timestream) pushed 5 records to timestream table air_temperature, flushing buffer"
time="2021-01-27T20:44:41+01:00" level=debug msg="(timestream) pushed 5 records to timestream table air_pressure_at_sealevel, flushing buffer"
time="2021-01-27T20:44:41+01:00" level=debug msg="(timestream) pushed 5 records to timestream table relative_humidity, flushing buffer"
time="2021-01-27T20:44:41+01:00" level=debug msg="(timestream) pushed 5 records to timestream table wind_speed, flushing buffer"
time="2021-01-27T20:44:41+01:00" level=debug msg="(timestream) pushed 5 records to timestream table wind_from_direction, flushing buffer"
time="2021-01-27T20:44:41+01:00" level=debug msg="(emitter) Emit done at 2021-01-27 19:44:41.864594 +0000 UTC"
time="2021-01-27T20:44:41+01:00" level=debug msg="(emitter) No emit needed at this point (last emit: 2021-01-27T19:44:41Z)"
time="2021-01-27T20:44:42+01:00" level=debug msg="(poller) main loop is idle [OK]"
time="2021-01-27T20:44:43+01:00" level=debug msg="(poller) main loop is idle [OK]"
time="2021-01-27T20:44:44+01:00" level=debug msg="(poller) main loop is idle [OK]"
time="2021-01-27T20:44:45+01:00" level=debug msg="(poller) main loop is idle [OK]"
time="2021-01-27T20:44:46+01:00" level=debug msg="(poller) main loop is idle [OK]"
time="2021-01-27T20:44:46+01:00" level=debug msg="(emitter) No emit needed at this point (last emit: 2021-01-27T19:44:41Z)"
time="2021-01-27T20:44:47+01:00" level=debug msg="(poller) main loop is idle [OK]"
time="2021-01-27T20:44:48+01:00" level=debug msg="(poller) main loop is idle [OK]"
time="2021-01-27T20:44:49+01:00" level=debug msg="(poller) main loop is idle [OK]"
time="2021-01-27T20:44:50+01:00" level=debug msg="(poller) main loop is idle [OK]"
time="2021-01-27T20:44:51+01:00" level=debug msg="(poller) main loop is idle [OK]"
time="2021-01-27T20:44:51+01:00" level=debug msg="(emitter) Emit triggered"
time="2021-01-27T20:44:51+01:00" level=debug msg="(emitter) Requesting obs for loc tryvannstua"
time="2021-01-27T20:44:51+01:00" level=debug msg="(poller) got internal req for ts(tryvannstua)"
time="2021-01-27T20:44:51+01:00" level=debug msg="(emitter) Requesting obs for loc skrindo"
time="2021-01-27T20:44:51+01:00" level=debug msg="(poller) got internal req for ts(skrindo)"
time="2021-01-27T20:44:51+01:00" level=debug msg="(emitter) Requesting obs for loc bjornholt"
time="2021-01-27T20:44:51+01:00" level=debug msg="(poller) got internal req for ts(bjornholt)"
time="2021-01-27T20:44:51+01:00" level=debug msg="(emitter) Requesting obs for loc met"
time="2021-01-27T20:44:51+01:00" level=debug msg="(poller) got internal req for ts(met)"
time="2021-01-27T20:44:51+01:00" level=debug msg="(emitter) Requesting obs for loc tryvannstarnet"
time="2021-01-27T20:44:51+01:00" level=debug msg="(poller) got internal req for ts(tryvannstarnet)"
time="2021-01-27T20:44:51+01:00" level=debug msg="(timestream) pushed 5 records to timestream table wind_speed, flushing buffer"
time="2021-01-27T20:44:52+01:00" level=debug msg="(timestream) pushed 5 records to timestream table wind_from_direction, flushing buffer"
time="2021-01-27T20:44:52+01:00" level=debug msg="(timestream) pushed 5 records to timestream table air_pressure_at_sealevel, flushing buffer"
time="2021-01-27T20:44:52+01:00" level=debug msg="(timestream) pushed 5 records to timestream table air_temperature, flushing buffer"
time="2021-01-27T20:44:52+01:00" level=debug msg="(timestream) pushed 5 records to timestream table relative_humidity, flushing buffer"
time="2021-01-27T20:44:52+01:00" level=debug msg="(emitter) Emit done at 2021-01-27 19:44:52.239468 +0000 UTC"
time="2021-01-27T20:44:52+01:00" level=debug msg="(emitter) No emit needed at this point (last emit: 2021-01-27T19:44:52Z)"
time="2021-01-27T20:44:52+01:00" level=debug msg="(poller) main loop is idle [OK]"
time="2021-01-27T20:44:53+01:00" level=debug msg="(poller) main loop is idle [OK]"
time="2021-01-27T20:44:54+01:00" level=debug msg="(poller) main loop is idle [OK]"
time="2021-01-27T20:44:55+01:00" level=debug msg="(poller) main loop is idle [OK]"
time="2021-01-27T20:44:56+01:00" level=debug msg="(poller) main loop is idle [OK]"
time="2021-01-27T20:44:57+01:00" level=debug msg="(emitter) No emit needed at this point (last emit: 2021-01-27T19:44:52Z)"
time="2021-01-27T20:44:57+01:00" level=debug msg="(poller) main loop is idle [OK]"
time="2021-01-27T20:44:58+01:00" level=debug msg="(poller) main loop is idle [OK]"
time="2021-01-27T20:44:59+01:00" level=debug msg="(poller) main loop is idle [OK]"
time="2021-01-27T20:45:00+01:00" level=debug msg="(poller) main loop is idle [OK]"
time="2021-01-27T20:45:01+01:00" level=debug msg="(poller) main loop is idle [OK]"
time="2021-01-27T20:45:02+01:00" level=debug msg="(emitter) Emit triggered"
time="2021-01-27T20:45:02+01:00" level=debug msg="(emitter) Requesting obs for loc tryvannstua"
time="2021-01-27T20:45:02+01:00" level=debug msg="(poller) got internal req for ts(tryvannstua)"
time="2021-01-27T20:45:02+01:00" level=debug msg="(emitter) Requesting obs for loc skrindo"
time="2021-01-27T20:45:02+01:00" level=debug msg="(poller) got internal req for ts(skrindo)"
time="2021-01-27T20:45:02+01:00" level=debug msg="(emitter) Requesting obs for loc bjornholt"
time="2021-01-27T20:45:02+01:00" level=debug msg="(poller) got internal req for ts(bjornholt)"
time="2021-01-27T20:45:02+01:00" level=debug msg="(emitter) Requesting obs for loc met"
time="2021-01-27T20:45:02+01:00" level=debug msg="(poller) got internal req for ts(met)"
time="2021-01-27T20:45:02+01:00" level=debug msg="(emitter) Requesting obs for loc tryvannstarnet"
time="2021-01-27T20:45:02+01:00" level=debug msg="(poller) got internal req for ts(tryvannstarnet)"
time="2021-01-27T20:45:02+01:00" level=debug msg="(timestream) pushed 5 records to timestream table wind_speed, flushing buffer"
time="2021-01-27T20:45:02+01:00" level=debug msg="(timestream) pushed 5 records to timestream table wind_from_direction, flushing buffer"
time="2021-01-27T20:45:02+01:00" level=debug msg="(timestream) pushed 5 records to timestream table air_temperature, flushing buffer"
time="2021-01-27T20:45:02+01:00" level=debug msg="(timestream) pushed 5 records to timestream table air_pressure_at_sealevel, flushing buffer"
time="2021-01-27T20:45:02+01:00" level=debug msg="(timestream) pushed 5 records to timestream table relative_humidity, flushing buffer"
time="2021-01-27T20:45:02+01:00" level=debug msg="(emitter) Emit done at 2021-01-27 19:45:02.661667 +0000 UTC"
time="2021-01-27T20:45:02+01:00" level=debug msg="(emitter) No emit needed at this point (last emit: 2021-01-27T19:45:02Z)"
time="2021-01-27T20:45:03+01:00" level=debug msg="(poller) main loop is idle [OK]"
time="2021-01-27T20:45:04+01:00" level=debug msg="(poller) main loop is idle [OK]"
time="2021-01-27T20:45:05+01:00" level=debug msg="(poller) main loop is idle [OK]"
time="2021-01-27T20:45:06+01:00" level=debug msg="(poller) main loop is idle [OK]"
time="2021-01-27T20:45:07+01:00" level=debug msg="(poller) main loop is idle [OK]"
time="2021-01-27T20:45:07+01:00" level=debug msg="(emitter) No emit needed at this point (last emit: 2021-01-27T19:45:02Z)"
time="2021-01-27T20:45:08+01:00" level=debug msg="(poller) main loop is idle [OK]"
time="2021-01-27T20:45:09+01:00" level=debug msg="(poller) main loop is idle [OK]"
time="2021-01-27T20:45:10+01:00" level=debug msg="(poller) main loop is idle [OK]"
time="2021-01-27T20:45:11+01:00" level=debug msg="(poller) main loop is idle [OK]"
time="2021-01-27T20:45:12+01:00" level=debug msg="(poller) main loop is idle [OK]"
time="2021-01-27T20:45:12+01:00" level=debug msg="(emitter) Emit triggered"
time="2021-01-27T20:45:12+01:00" level=debug msg="(emitter) Requesting obs for loc tryvannstua"
time="2021-01-27T20:45:12+01:00" level=debug msg="(poller) got internal req for ts(tryvannstua)"
time="2021-01-27T20:45:12+01:00" level=debug msg="(emitter) Requesting obs for loc skrindo"
time="2021-01-27T20:45:12+01:00" level=debug msg="(poller) got internal req for ts(skrindo)"
time="2021-01-27T20:45:12+01:00" level=debug msg="(emitter) Requesting obs for loc bjornholt"
time="2021-01-27T20:45:12+01:00" level=debug msg="(poller) got internal req for ts(bjornholt)"
time="2021-01-27T20:45:12+01:00" level=debug msg="(emitter) Requesting obs for loc met"
time="2021-01-27T20:45:12+01:00" level=debug msg="(poller) got internal req for ts(met)"
time="2021-01-27T20:45:12+01:00" level=debug msg="(emitter) Requesting obs for loc tryvannstarnet"
time="2021-01-27T20:45:12+01:00" level=debug msg="(poller) got internal req for ts(tryvannstarnet)"
time="2021-01-27T20:45:12+01:00" level=debug msg="(timestream) pushed 5 records to timestream table relative_humidity, flushing buffer"
time="2021-01-27T20:45:12+01:00" level=debug msg="(timestream) pushed 5 records to timestream table wind_speed, flushing buffer"
time="2021-01-27T20:45:12+01:00" level=debug msg="(timestream) pushed 5 records to timestream table wind_from_direction, flushing buffer"
time="2021-01-27T20:45:12+01:00" level=debug msg="(timestream) pushed 5 records to timestream table air_temperature, flushing buffer"
time="2021-01-27T20:45:13+01:00" level=debug msg="(timestream) pushed 5 records to timestream table air_pressure_at_sealevel, flushing buffer"
time="2021-01-27T20:45:13+01:00" level=debug msg="(emitter) Emit done at 2021-01-27 19:45:13.043416 +0000 UTC"
time="2021-01-27T20:45:13+01:00" level=debug msg="(emitter) No emit needed at this point (last emit: 2021-01-27T19:45:13Z)"
time="2021-01-27T20:45:13+01:00" level=debug msg="(poller) main loop is idle [OK]"
time="2021-01-27T20:45:14+01:00" level=debug msg="(poller) main loop is idle [OK]"
time="2021-01-27T20:45:15+01:00" level=debug msg="(poller) main loop is idle [OK]"
time="2021-01-27T20:45:16+01:00" level=debug msg="(poller) main loop is idle [OK]"
time="2021-01-27T20:45:17+01:00" level=debug msg="(poller) main loop is idle [OK]"
time="2021-01-27T20:45:18+01:00" level=debug msg="(emitter) No emit needed at this point (last emit: 2021-01-27T19:45:13Z)"
time="2021-01-27T20:45:18+01:00" level=debug msg="(poller) main loop is idle [OK]"
time="2021-01-27T20:45:18+01:00" level=debug msg="(poller) tryvannstua - current data is up to date."
time="2021-01-27T20:45:18+01:00" level=debug msg="(poller) skrindo - current data is up to date."
time="2021-01-27T20:45:18+01:00" level=debug msg="(poller) bjornholt - current data is up to date."
time="2021-01-27T20:45:18+01:00" level=debug msg="(poller) met - current data is up to date."
time="2021-01-27T20:45:18+01:00" level=debug msg="(poller) tryvannstarnet - current data is up to date."
time="2021-01-27T20:45:19+01:00" level=debug msg="(poller) main loop is idle [OK]"
time="2021-01-27T20:45:20+01:00" level=debug msg="(poller) main loop is idle [OK]"
time="2021-01-27T20:45:21+01:00" level=debug msg="(poller) main loop is idle [OK]"
time="2021-01-27T20:45:22+01:00" level=debug msg="(poller) main loop is idle [OK]"
time="2021-01-27T20:45:23+01:00" level=debug msg="(emitter) Emit triggered"
time="2021-01-27T20:45:23+01:00" level=debug msg="(emitter) Requesting obs for loc tryvannstua"
time="2021-01-27T20:45:23+01:00" level=debug msg="(poller) got internal req for ts(tryvannstua)"
time="2021-01-27T20:45:23+01:00" level=debug msg="(emitter) Requesting obs for loc skrindo"
time="2021-01-27T20:45:23+01:00" level=debug msg="(poller) got internal req for ts(skrindo)"
time="2021-01-27T20:45:23+01:00" level=debug msg="(emitter) Requesting obs for loc bjornholt"
time="2021-01-27T20:45:23+01:00" level=debug msg="(poller) got internal req for ts(bjornholt)"
time="2021-01-27T20:45:23+01:00" level=debug msg="(emitter) Requesting obs for loc met"
time="2021-01-27T20:45:23+01:00" level=debug msg="(poller) got internal req for ts(met)"
time="2021-01-27T20:45:23+01:00" level=debug msg="(emitter) Requesting obs for loc tryvannstarnet"
time="2021-01-27T20:45:23+01:00" level=debug msg="(poller) got internal req for ts(tryvannstarnet)"
time="2021-01-27T20:45:23+01:00" level=debug msg="(timestream) pushed 5 records to timestream table wind_speed, flushing buffer"
time="2021-01-27T20:45:23+01:00" level=debug msg="(timestream) pushed 5 records to timestream table wind_from_direction, flushing buffer"
time="2021-01-27T20:45:23+01:00" level=debug msg="(timestream) pushed 5 records to timestream table air_temperature, flushing buffer"
time="2021-01-27T20:45:23+01:00" level=debug msg="(timestream) pushed 5 records to timestream table air_pressure_at_sealevel, flushing buffer"
time="2021-01-27T20:45:23+01:00" level=debug msg="(timestream) pushed 5 records to timestream table relative_humidity, flushing buffer"
time="2021-01-27T20:45:23+01:00" level=debug msg="(emitter) Emit done at 2021-01-27 19:45:23.439912 +0000 UTC"
time="2021-01-27T20:45:23+01:00" level=debug msg="(emitter) No emit needed at this point (last emit: 2021-01-27T19:45:23Z)"
time="2021-01-27T20:45:24+01:00" level=debug msg="(poller) main loop is idle [OK]"
time="2021-01-27T20:45:25+01:00" level=debug msg="(poller) main loop is idle [OK]"
time="2021-01-27T20:45:26+01:00" level=debug msg="(poller) main loop is idle [OK]"
time="2021-01-27T20:45:27+01:00" level=debug msg="(poller) main loop is idle [OK]"
time="2021-01-27T20:45:28+01:00" level=debug msg="(poller) main loop is idle [OK]"
time="2021-01-27T20:45:28+01:00" level=debug msg="(emitter) No emit needed at this point (last emit: 2021-01-27T19:45:23Z)"
time="2021-01-27T20:45:29+01:00" level=debug msg="(poller) main loop is idle [OK]"
time="2021-01-27T20:45:30+01:00" level=debug msg="(poller) main loop is idle [OK]"
time="2021-01-27T20:45:31+01:00" level=debug msg="(poller) main loop is idle [OK]"
time="2021-01-27T20:45:32+01:00" level=debug msg="(poller) main loop is idle [OK]"
time="2021-01-27T20:45:33+01:00" level=debug msg="(poller) main loop is idle [OK]"
time="2021-01-27T20:45:33+01:00" level=debug msg="(emitter) Emit triggered"
time="2021-01-27T20:45:33+01:00" level=debug msg="(emitter) Requesting obs for loc tryvannstua"
time="2021-01-27T20:45:33+01:00" level=debug msg="(poller) got internal req for ts(tryvannstua)"
time="2021-01-27T20:45:33+01:00" level=debug msg="(emitter) Requesting obs for loc skrindo"
time="2021-01-27T20:45:33+01:00" level=debug msg="(poller) got internal req for ts(skrindo)"
time="2021-01-27T20:45:33+01:00" level=debug msg="(emitter) Requesting obs for loc bjornholt"
time="2021-01-27T20:45:33+01:00" level=debug msg="(poller) got internal req for ts(bjornholt)"
time="2021-01-27T20:45:33+01:00" level=debug msg="(emitter) Requesting obs for loc met"
time="2021-01-27T20:45:33+01:00" level=debug msg="(poller) got internal req for ts(met)"
time="2021-01-27T20:45:33+01:00" level=debug msg="(emitter) Requesting obs for loc tryvannstarnet"
time="2021-01-27T20:45:33+01:00" level=debug msg="(poller) got internal req for ts(tryvannstarnet)"
time="2021-01-27T20:45:33+01:00" level=debug msg="(timestream) pushed 5 records to timestream table wind_speed, flushing buffer"
time="2021-01-27T20:45:33+01:00" level=debug msg="(timestream) pushed 5 records to timestream table wind_from_direction, flushing buffer"
time="2021-01-27T20:45:33+01:00" level=debug msg="(timestream) pushed 5 records to timestream table air_temperature, flushing buffer"
time="2021-01-27T20:45:33+01:00" level=debug msg="(timestream) pushed 5 records to timestream table air_pressure_at_sealevel, flushing buffer"
time="2021-01-27T20:45:33+01:00" level=debug msg="(timestream) pushed 5 records to timestream table relative_humidity, flushing buffer"
time="2021-01-27T20:45:33+01:00" level=debug msg="(emitter) Emit done at 2021-01-27 19:45:33.81371 +0000 UTC"
time="2021-01-27T20:45:33+01:00" level=debug msg="(emitter) No emit needed at this point (last emit: 2021-01-27T19:45:33Z)"
time="2021-01-27T20:45:34+01:00" level=debug msg="(poller) main loop is idle [OK]"
time="2021-01-27T20:45:35+01:00" level=debug msg="(poller) main loop is idle [OK]"
time="2021-01-27T20:45:36+01:00" level=debug msg="(poller) main loop is idle [OK]"
time="2021-01-27T20:45:37+01:00" level=debug msg="(poller) main loop is idle [OK]"
time="2021-01-27T20:45:38+01:00" level=debug msg="(poller) main loop is idle [OK]"
time="2021-01-27T20:45:38+01:00" level=debug msg="(emitter) No emit needed at this point (last emit: 2021-01-27T19:45:33Z)"
time="2021-01-27T20:45:39+01:00" level=debug msg="(poller) main loop is idle [OK]"
time="2021-01-27T20:45:40+01:00" level=debug msg="(poller) main loop is idle [OK]"
time="2021-01-27T20:45:41+01:00" level=debug msg="(poller) main loop is idle [OK]"
time="2021-01-27T20:45:42+01:00" level=debug msg="(poller) main loop is idle [OK]"
time="2021-01-27T20:45:43+01:00" level=debug msg="(poller) main loop is idle [OK]"
time="2021-01-27T20:45:43+01:00" level=debug msg="(emitter) Emit triggered"
time="2021-01-27T20:45:43+01:00" level=debug msg="(emitter) Requesting obs for loc tryvannstua"
time="2021-01-27T20:45:43+01:00" level=debug msg="(poller) got internal req for ts(tryvannstua)"
time="2021-01-27T20:45:43+01:00" level=debug msg="(emitter) Requesting obs for loc skrindo"
time="2021-01-27T20:45:43+01:00" level=debug msg="(poller) got internal req for ts(skrindo)"
time="2021-01-27T20:45:43+01:00" level=debug msg="(emitter) Requesting obs for loc bjornholt"
time="2021-01-27T20:45:43+01:00" level=debug msg="(poller) got internal req for ts(bjornholt)"
time="2021-01-27T20:45:43+01:00" level=debug msg="(emitter) Requesting obs for loc met"
time="2021-01-27T20:45:43+01:00" level=debug msg="(poller) got internal req for ts(met)"
time="2021-01-27T20:45:43+01:00" level=debug msg="(emitter) Requesting obs for loc tryvannstarnet"
time="2021-01-27T20:45:43+01:00" level=debug msg="(poller) got internal req for ts(tryvannstarnet)"
time="2021-01-27T20:45:43+01:00" level=debug msg="(timestream) pushed 5 records to timestream table air_temperature, flushing buffer"
time="2021-01-27T20:45:43+01:00" level=debug msg="(timestream) pushed 5 records to timestream table air_pressure_at_sealevel, flushing buffer"
time="2021-01-27T20:45:44+01:00" level=debug msg="(timestream) pushed 5 records to timestream table relative_humidity, flushing buffer"
time="2021-01-27T20:45:44+01:00" level=debug msg="(timestream) pushed 5 records to timestream table wind_speed, flushing buffer"
time="2021-01-27T20:45:44+01:00" level=debug msg="(timestream) pushed 5 records to timestream table wind_from_direction, flushing buffer"
time="2021-01-27T20:45:44+01:00" level=debug msg="(emitter) Emit done at 2021-01-27 19:45:44.177439 +0000 UTC"
time="2021-01-27T20:45:44+01:00" level=debug msg="(emitter) No emit needed at this point (last emit: 2021-01-27T19:45:44Z)"
time="2021-01-27T20:45:44+01:00" level=debug msg="(poller) main loop is idle [OK]"
time="2021-01-27T20:45:45+01:00" level=debug msg="(poller) main loop is idle [OK]"
time="2021-01-27T20:45:46+01:00" level=debug msg="(poller) main loop is idle [OK]"
time="2021-01-27T20:45:47+01:00" level=debug msg="(poller) main loop is idle [OK]"
time="2021-01-27T20:45:48+01:00" level=debug msg="(poller) main loop is idle [OK]"
time="2021-01-27T20:45:49+01:00" level=debug msg="(emitter) No emit needed at this point (last emit: 2021-01-27T19:45:44Z)"
time="2021-01-27T20:45:49+01:00" level=debug msg="(poller) main loop is idle [OK]"
time="2021-01-27T20:45:50+01:00" level=debug msg="(poller) main loop is idle [OK]"
time="2021-01-27T20:45:51+01:00" level=debug msg="(poller) main loop is idle [OK]"
time="2021-01-27T20:45:52+01:00" level=debug msg="(poller) main loop is idle [OK]"
time="2021-01-27T20:45:53+01:00" level=debug msg="(poller) main loop is idle [OK]"
time="2021-01-27T20:45:54+01:00" level=debug msg="(emitter) Emit triggered"
time="2021-01-27T20:45:54+01:00" level=debug msg="(emitter) Requesting obs for loc tryvannstua"
time="2021-01-27T20:45:54+01:00" level=debug msg="(poller) got internal req for ts(tryvannstua)"
time="2021-01-27T20:45:54+01:00" level=debug msg="(emitter) Requesting obs for loc skrindo"
time="2021-01-27T20:45:54+01:00" level=debug msg="(poller) got internal req for ts(skrindo)"
time="2021-01-27T20:45:54+01:00" level=debug msg="(emitter) Requesting obs for loc bjornholt"
time="2021-01-27T20:45:54+01:00" level=debug msg="(poller) got internal req for ts(bjornholt)"
time="2021-01-27T20:45:54+01:00" level=debug msg="(emitter) Requesting obs for loc met"
time="2021-01-27T20:45:54+01:00" level=debug msg="(poller) got internal req for ts(met)"
time="2021-01-27T20:45:54+01:00" level=debug msg="(emitter) Requesting obs for loc tryvannstarnet"
time="2021-01-27T20:45:54+01:00" level=debug msg="(poller) got internal req for ts(tryvannstarnet)"
time="2021-01-27T20:45:54+01:00" level=debug msg="(timestream) pushed 5 records to timestream table wind_speed, flushing buffer"
time="2021-01-27T20:45:54+01:00" level=debug msg="(timestream) pushed 5 records to timestream table wind_from_direction, flushing buffer"
time="2021-01-27T20:45:54+01:00" level=debug msg="(timestream) pushed 5 records to timestream table air_temperature, flushing buffer"
time="2021-01-27T20:45:54+01:00" level=debug msg="(timestream) pushed 5 records to timestream table air_pressure_at_sealevel, flushing buffer"
time="2021-01-27T20:45:54+01:00" level=debug msg="(timestream) pushed 5 records to timestream table relative_humidity, flushing buffer"
time="2021-01-27T20:45:54+01:00" level=debug msg="(emitter) Emit done at 2021-01-27 19:45:54.549365 +0000 UTC"
time="2021-01-27T20:45:54+01:00" level=debug msg="(emitter) No emit needed at this point (last emit: 2021-01-27T19:45:54Z)"
time="2021-01-27T20:45:55+01:00" level=debug msg="(poller) main loop is idle [OK]"
time="2021-01-27T20:45:56+01:00" level=debug msg="(poller) main loop is idle [OK]"
time="2021-01-27T20:45:57+01:00" level=debug msg="(poller) main loop is idle [OK]"
time="2021-01-27T20:45:58+01:00" level=debug msg="(poller) main loop is idle [OK]"
time="2021-01-27T20:45:59+01:00" level=debug msg="(poller) main loop is idle [OK]"
time="2021-01-27T20:45:59+01:00" level=debug msg="(emitter) No emit needed at this point (last emit: 2021-01-27T19:45:54Z)"
time="2021-01-27T20:46:00+01:00" level=debug msg="(poller) main loop is idle [OK]"
time="2021-01-27T20:46:00+01:00" level=info msg="signal caught, winding down gracefully."
time="2021-01-27T20:46:01+01:00" level=debug msg="(poller) main loop is idle [OK]"
time="2021-01-27T20:46:02+01:00" level=debug msg="(poller) main loop is idle [OK]"
time="2021-01-27T20:46:03+01:00" level=debug msg="(poller) main loop is idle [OK]"
time="2021-01-27T20:46:04+01:00" level=debug msg="(poller) main loop is idle [OK]"
time="2021-01-27T20:46:04+01:00" level=info msg="Emitter ending."
time="2021-01-27T20:46:05+01:00" level=debug msg="(poller) main loop is idle [OK]"
time="2021-01-27T20:46:05+01:00" level=info msg="Poller ending"
time="2021-01-27T20:46:05+01:00" level=info msg="end of program"
